[0110/092946.658:ERROR:process_reader_win.cc(123)] NtOpenThread: {Access Denied} A process has requested access to an object, but has not been granted those access rights. (0xc0000022)
[0110/092946.659:ERROR:exception_snapshot_win.cc(98)] thread ID 15076 not found in process
[0113/084723.227:ERROR:process_reader_win.cc(123)] NtOpenThread: {Access Denied} A process has requested access to an object, but has not been granted those access rights. (0xc0000022)
[0113/084723.228:ERROR:exception_snapshot_win.cc(98)] thread ID 36652 not found in process
[0113/103817.068:ERROR:process_reader_win.cc(123)] NtOpenThread: {Access Denied} A process has requested access to an object, but has not been granted those access rights. (0xc0000022)
[0113/103817.076:ERROR:exception_snapshot_win.cc(98)] thread ID 35980 not found in process
[0113/121728.717:ERROR:process_reader_win.cc(151)] SuspendThread: Access is denied. (0x5)
[0113/121728.719:ERROR:exception_snapshot_win.cc(98)] thread ID 5668 not found in process
[0113/121728.719:ERROR:scoped_process_suspend.cc(40)] NtResumeProcess: An attempt was made to access an exiting process. (0xc000010a)
[0113/134009.197:ERROR:process_info.cc(329)] VirtualQueryEx: Access is denied. (0x5)
[0113/134009.199:ERROR:process_info.cc(556)] ReadMemoryInfo failed
[0113/134009.199:ERROR:process_memory_win.cc(39)] Failed to initialize ProcessInfo.
[0113/134009.199:ERROR:scoped_process_suspend.cc(40)] NtResumeProcess: An attempt was made to access an exiting process. (0xc000010a)
[0113/160842.638:ERROR:process_reader_win.cc(123)] NtOpenThread: {Access Denied} A process has requested access to an object, but has not been granted those access rights. (0xc0000022)
[0113/160842.642:ERROR:exception_snapshot_win.cc(98)] thread ID 36700 not found in process
[0113/204342.162:ERROR:process_reader_win.cc(151)] SuspendThread: Access is denied. (0x5)
[0113/204342.167:ERROR:process_reader_win.cc(151)] SuspendThread: Access is denied. (0x5)
[0113/204342.168:ERROR:exception_snapshot_win.cc(98)] thread ID 16956 not found in process
[0114/162250.189:ERROR:process_reader_win.cc(123)] NtOpenThread: {Access Denied} A process has requested access to an object, but has not been granted those access rights. (0xc0000022)
[0114/162250.193:ERROR:exception_snapshot_win.cc(98)] thread ID 5908 not found in process
[0114/203340.032:ERROR:process_reader_win.cc(123)] NtOpenThread: {Access Denied} A process has requested access to an object, but has not been granted those access rights. (0xc0000022)
[0114/203340.035:ERROR:exception_snapshot_win.cc(98)] thread ID 11100 not found in process
[0115/193749.388:ERROR:process_reader_win.cc(123)] NtOpenThread: {Access Denied} A process has requested access to an object, but has not been granted those access rights. (0xc0000022)
[0115/193749.392:ERROR:exception_snapshot_win.cc(98)] thread ID 14440 not found in process
